<?xml version="1.0" encoding="UTF-8"?>
<!-- Generated by org.testng.reporters.JUnitReportReporter -->
<testsuite hostname="DESKTOP-U8F94J3" failures="0" tests="2" name="com.qa.groups.TestClass" time="0.017" errors="0" timestamp="2022-11-21T19:35:07 NPT" skipped="0">
  <testcase classname="com.qa.groups.TestClass" name="Test04" time="0.002"/>
  <system-out/>
  <testcase classname="com.qa.groups.TestClass" name="Test02" time="0.015"/>
  <system-out/>
</testsuite> <!-- com.qa.groups.TestClass -->
